2025-06-15 13:46:21,080 - INFO - All required environment variables found
2025-06-15 13:46:21,081 - INFO - X API client initialized successfully
2025-06-15 13:46:21,081 - INFO - Starting X autoposting bot...
2025-06-15 13:46:21,839 - INFO - Telegram notification sent: HodlWhaleX started...
2025-06-15 13:46:21,839 - INFO - Starting news posting process
2025-06-15 13:46:21,868 - INFO - Loaded 13 previously posted articles
2025-06-15 13:46:22,314 - INFO - Fetched 25 articles from https://www.coindesk.com/arc/outboundfeeds/rss
2025-06-15 13:46:22,315 - INFO - Found article from today: Owning One Bitcoin Is the New American Dream, Says Bitwise Portfolio Manager
2025-06-15 13:46:23,398 - INFO - Fetched 31 articles from https://cointelegraph.com/rss
2025-06-15 13:46:23,399 - INFO - Found article from today: Brazil ends crypto tax exemption, imposes 17.5% flat rate on gains
2025-06-15 13:46:23,399 - INFO - Found article from today: Stablecoins will soon have its &#039;iPhone moment&#039;: Circle CEO
2025-06-15 13:46:23,400 - INFO - Found article from today: Crypto Fear &amp; Greed Index stays in greed territory amid Israel-Iran conflict
2025-06-15 13:46:24,184 - INFO - Fetched 59 articles from https://decrypt.co/feed
2025-06-15 13:46:24,187 - INFO - Found 4 news items from today
2025-06-15 13:46:27,173 - INFO - Telegram notification sent: Successfully posted: Crypto Fear &amp; Greed Index stays in greed territory amid Israel-Iran conflict
Next post scheduled at: 2025-06-15 08:46:26 UTC
2025-06-15 13:56:32,448 - INFO - Telegram notification sent: HodlWhaleX stopped...
2025-06-15 13:56:32,448 - INFO - Bot stopped by user
2025-06-15 14:27:56,089 - INFO - All required environment variables found
2025-06-15 14:27:56,090 - INFO - X API client initialized successfully
2025-06-15 14:27:56,090 - INFO - Starting X autoposting bot...
2025-06-15 14:27:56,814 - INFO - Telegram notification sent: HodlWhaleX started...
2025-06-15 14:27:56,815 - INFO - Starting news posting process
2025-06-15 14:27:56,820 - INFO - Loaded 14 previously posted articles
2025-06-15 14:27:57,081 - INFO - Fetched 25 articles from https://www.coindesk.com/arc/outboundfeeds/rss
2025-06-15 14:27:57,081 - INFO - Found article from today: Owning One Bitcoin Is the New American Dream, Says Bitwise Portfolio Manager
2025-06-15 14:27:57,244 - INFO - Fetched 31 articles from https://cointelegraph.com/rss
2025-06-15 14:27:57,245 - INFO - Found article from today: Brazil ends crypto tax exemption, imposes 17.5% flat rate on gains
2025-06-15 14:27:57,245 - INFO - Found article from today: Stablecoins will soon have its &#039;iPhone moment&#039;: Circle CEO
2025-06-15 14:27:57,245 - INFO - Found article from today: Crypto Fear &amp; Greed Index stays in greed territory amid Israel-Iran conflict
2025-06-15 14:27:58,211 - INFO - Fetched 59 articles from https://decrypt.co/feed
2025-06-15 14:27:58,211 - INFO - Found 4 news items from today
2025-06-15 14:28:00,902 - INFO - Successfully posted tweet: 🚀 Circle CEO envisions a breakthrough for stablecoins, predicting they'll soon have their "iPhone moment" 📱✨ attracting developers like never before! 🌟
Stay tuned as stablecoins gain momentum! 💱🔗
#Stablecoins #Innovation #CryptoRevolution #Circle #TechFuture
2025-06-15 14:28:01,243 - INFO - Telegram notification sent: Successfully posted on X
Next post scheduled at:
IST: 2025-06-15 14:58:00 IST
UTC: 2025-06-15 09:28:00 UTC
2025-06-15 14:58:01,483 - INFO - Starting news posting process
2025-06-15 14:58:01,520 - INFO - Loaded 15 previously posted articles
2025-06-15 14:58:02,145 - INFO - Fetched 25 articles from https://www.coindesk.com/arc/outboundfeeds/rss
2025-06-15 14:58:02,145 - INFO - Found article from today: Owning One Bitcoin Is the New American Dream, Says Bitwise Portfolio Manager
2025-06-15 14:58:03,233 - INFO - Fetched 31 articles from https://cointelegraph.com/rss
2025-06-15 14:58:03,234 - INFO - Found article from today: Brazil ends crypto tax exemption, imposes 17.5% flat rate on gains
2025-06-15 14:58:03,234 - INFO - Found article from today: Stablecoins will soon have its &#039;iPhone moment&#039;: Circle CEO
2025-06-15 14:58:03,235 - INFO - Found article from today: Crypto Fear &amp; Greed Index stays in greed territory amid Israel-Iran conflict
2025-06-15 14:58:03,528 - INFO - Fetched 59 articles from https://decrypt.co/feed
2025-06-15 14:58:03,529 - INFO - Found 4 news items from today
2025-06-15 14:58:08,196 - INFO - Successfully posted tweet: 🚀 Owning 1 #Bitcoin is the new American Dream! 🇺🇸✨ According to Bitwise Portfolio Manager, it's the ultimate goal for financial freedom. 🌟💼
Join the crypto revolution and secure your future today! 💰🔗
#Crypto #Investment #FinancialFreedom
2025-06-15 14:58:09,301 - INFO - Telegram notification sent: Successfully posted on X
Next post scheduled at:
IST: 2025-06-15 15:28:08 IST
UTC: 2025-06-15 09:58:08 UTC
2025-06-15 15:28:09,584 - INFO - Starting news posting process
2025-06-15 15:28:09,614 - INFO - Loaded 16 previously posted articles
2025-06-15 15:28:10,018 - INFO - Fetched 25 articles from https://www.coindesk.com/arc/outboundfeeds/rss
2025-06-15 15:28:10,019 - INFO - Found article from today: Owning One Bitcoin Is the New American Dream, Says Bitwise Portfolio Manager
2025-06-15 15:28:11,121 - INFO - Fetched 31 articles from https://cointelegraph.com/rss
2025-06-15 15:28:11,122 - INFO - Found article from today: Brazil ends crypto tax exemption, imposes 17.5% flat rate on gains
2025-06-15 15:28:11,124 - INFO - Found article from today: Stablecoins will soon have its &#039;iPhone moment&#039;: Circle CEO
2025-06-15 15:28:11,126 - INFO - Found article from today: Crypto Fear &amp; Greed Index stays in greed territory amid Israel-Iran conflict
2025-06-15 15:28:11,946 - INFO - Fetched 59 articles from https://decrypt.co/feed
2025-06-15 15:28:11,947 - INFO - Found 4 news items from today
2025-06-15 15:28:14,878 - INFO - Successfully posted tweet: 🇧🇷💰 Brazil ends crypto tax exemption!
A flat 17.5% tax is now imposed on all crypto gains, including self-custody & offshore holdings. 📉💸
Prepare your wallets!
#CryptoTax #Brazil #CryptoNews #Finance #TaxUpdate
2025-06-15 15:28:15,672 - INFO - Telegram notification sent: Successfully posted on X
Next post scheduled at:
IST: 2025-06-15 15:58:14 IST
UTC: 2025-06-15 10:28:14 UTC
2025-06-15 15:58:23,244 - INFO - Starting news posting process
2025-06-15 15:58:23,254 - INFO - Loaded 17 previously posted articles
2025-06-15 15:58:23,765 - INFO - Fetched 25 articles from https://www.coindesk.com/arc/outboundfeeds/rss
2025-06-15 15:58:23,765 - INFO - Found article from today: Owning One Bitcoin Is the New American Dream, Says Bitwise Portfolio Manager
2025-06-15 15:58:25,020 - INFO - Fetched 31 articles from https://cointelegraph.com/rss
2025-06-15 15:58:25,021 - INFO - Found article from today: Vietnam legalizes crypto under new digital technology law
2025-06-15 15:58:25,022 - INFO - Found article from today: Brazil ends crypto tax exemption, imposes 17.5% flat rate on gains
2025-06-15 15:58:25,023 - INFO - Found article from today: Stablecoins will soon have its &#039;iPhone moment&#039;: Circle CEO
2025-06-15 15:58:25,023 - INFO - Found article from today: Crypto Fear &amp; Greed Index stays in greed territory amid Israel-Iran conflict
2025-06-15 15:58:26,599 - INFO - Fetched 59 articles from https://decrypt.co/feed
2025-06-15 15:58:26,601 - INFO - Found 5 news items from today
2025-06-15 15:58:29,067 - INFO - Successfully posted tweet: 🇻🇳 Big news from Vietnam! 🚀
Vietnam has just legalized crypto under a new digital technology law! 🎉 This law also promotes AI, semiconductors, and infrastructure development. 💻🔗
#Crypto #Vietnam #Blockchain #AI #Innovation #TechRevolution
2025-06-15 15:58:29,778 - INFO - Telegram notification sent: Successfully posted on X
Next post scheduled at:
IST: 2025-06-15 16:28:29 IST
UTC: 2025-06-15 10:58:29 UTC
2025-06-15 16:28:30,030 - INFO - Starting news posting process
2025-06-15 16:28:30,047 - INFO - Loaded 18 previously posted articles
2025-06-15 16:28:30,378 - INFO - Fetched 25 articles from https://www.coindesk.com/arc/outboundfeeds/rss
2025-06-15 16:28:30,379 - INFO - Found article from today: Owning One Bitcoin Is the New American Dream, Says Bitwise Portfolio Manager
2025-06-15 16:28:30,610 - INFO - Fetched 31 articles from https://cointelegraph.com/rss
2025-06-15 16:28:30,611 - INFO - Found article from today: Vietnam legalizes crypto under new digital technology law
2025-06-15 16:28:30,611 - INFO - Found article from today: Brazil ends crypto tax exemption, imposes 17.5% flat rate on gains
2025-06-15 16:28:30,612 - INFO - Found article from today: Stablecoins will soon have their ‘iPhone moment,’ Circle CEO
2025-06-15 16:28:30,658 - INFO - Found article from today: Crypto Fear &amp; Greed Index stays in greed territory amid Israel-Iran conflict
2025-06-15 16:28:32,072 - INFO - Fetched 59 articles from https://decrypt.co/feed
2025-06-15 16:28:32,074 - INFO - Found 5 news items from today
2025-06-15 16:58:32,283 - INFO - Starting news posting process
2025-06-15 16:58:32,333 - INFO - Loaded 18 previously posted articles
2025-06-15 16:58:32,650 - INFO - Fetched 25 articles from https://www.coindesk.com/arc/outboundfeeds/rss
2025-06-15 16:58:32,651 - INFO - Found article from today: Owning One Bitcoin Is the New American Dream, Says Bitwise Portfolio Manager
2025-06-15 16:58:32,916 - INFO - Fetched 31 articles from https://cointelegraph.com/rss
2025-06-15 16:58:32,917 - INFO - Found article from today: Bitcoin price targets mushroom as traders bet on $140K+ this bull run
2025-06-15 16:58:32,918 - INFO - Found article from today: Vietnam legalizes crypto under new digital technology law
2025-06-15 16:58:32,919 - INFO - Found article from today: Brazil ends crypto tax exemption, imposes 17.5% flat rate on gains
2025-06-15 16:58:32,920 - INFO - Found article from today: Stablecoins will soon have their ‘iPhone moment,’ Circle CEO
2025-06-15 16:58:32,920 - INFO - Found article from today: Crypto Fear &amp; Greed Index stays in greed territory amid Israel-Iran conflict
2025-06-15 16:58:34,293 - INFO - Fetched 59 articles from https://decrypt.co/feed
2025-06-15 16:58:34,294 - INFO - Found 6 news items from today
2025-06-15 16:58:37,769 - INFO - Successfully posted tweet: 🚀 Bitcoin price targets are skyrocketing! Traders are betting on $140K+ in this bull run. With signs like golden crosses & ascending wedges, optimism is high even as the market moves sideways. 📈💰
#Bitcoin #Crypto #BTC #BullRun #CryptoNews
2025-06-15 16:58:38,654 - INFO - Telegram notification sent: Successfully posted on X
Next post scheduled at:
IST: 2025-06-15 17:28:37 IST
UTC: 2025-06-15 11:58:37 UTC
2025-06-15 17:28:38,911 - INFO - Starting news posting process
2025-06-15 17:28:38,918 - INFO - Loaded 19 previously posted articles
2025-06-15 17:28:39,474 - INFO - Fetched 25 articles from https://www.coindesk.com/arc/outboundfeeds/rss
2025-06-15 17:28:39,475 - INFO - Found article from today: Owning One Bitcoin Is the New American Dream, Says Bitwise Portfolio Manager
2025-06-15 17:28:40,895 - INFO - Fetched 31 articles from https://cointelegraph.com/rss
2025-06-15 17:28:40,895 - INFO - Found article from today: 10 red flags a crypto platform is a scam—and how to protect your money
2025-06-15 17:28:40,896 - INFO - Found article from today: How to stake Solana (SOL) in 2025: A step-by-step guide for beginners
2025-06-15 17:28:40,896 - INFO - Found article from today: Bitcoin price targets mushroom as traders bet on $140K+ this bull run
2025-06-15 17:28:40,896 - INFO - Found article from today: Vietnam legalizes crypto under new digital technology law
2025-06-15 17:28:40,897 - INFO - Found article from today: Brazil ends crypto tax exemption, imposes 17.5% flat rate on gains
2025-06-15 17:28:40,897 - INFO - Found article from today: Stablecoins will soon have their ‘iPhone moment,’ Circle CEO
2025-06-15 17:28:40,897 - INFO - Found article from today: Crypto Fear &amp; Greed Index stays in greed territory amid Israel-Iran conflict
2025-06-15 17:28:42,653 - INFO - Fetched 59 articles from https://decrypt.co/feed
2025-06-15 17:28:42,654 - INFO - Found 8 news items from today
2025-06-15 17:28:45,180 - INFO - Successfully posted tweet: 🚀 Want to stake #Solana ($SOL) in 2025? It's easy!
1️⃣ Use a compatible wallet like Phantom
2️⃣ Choose a validator
3️⃣ Delegate your SOL with just a few clicks!
Secure your crypto future today! 🌟 #Crypto #Staking #SOLana #Blockchain
2025-06-15 17:28:45,963 - INFO - Telegram notification sent: Successfully posted on X
Next post scheduled at:
IST: 2025-06-15 17:58:45 IST
UTC: 2025-06-15 12:28:45 UTC
2025-06-15 17:58:46,213 - INFO - Starting news posting process
2025-06-15 17:58:46,230 - INFO - Loaded 20 previously posted articles
2025-06-15 17:58:46,704 - INFO - Fetched 25 articles from https://www.coindesk.com/arc/outboundfeeds/rss
2025-06-15 17:58:46,704 - INFO - Found article from today: Owning One Bitcoin Is the New American Dream, Says Bitwise Portfolio Manager
2025-06-15 17:58:47,439 - INFO - Fetched 31 articles from https://cointelegraph.com/rss
2025-06-15 17:58:47,440 - INFO - Found article from today: 10 red flags a crypto platform is a scam—and how to protect your money
2025-06-15 17:58:47,440 - INFO - Found article from today: How to stake Solana (SOL) in 2025: A step-by-step guide for beginners
2025-06-15 17:58:47,440 - INFO - Found article from today: Bitcoin price targets mushroom as traders bet on $140K+ this bull run
2025-06-15 17:58:47,440 - INFO - Found article from today: Vietnam legalizes crypto under new digital technology law
2025-06-15 17:58:47,441 - INFO - Found article from today: Brazil ends crypto tax exemption, imposes 17.5% flat rate on gains
2025-06-15 17:58:47,441 - INFO - Found article from today: Stablecoins will soon have their ‘iPhone moment,’ Circle CEO
2025-06-15 17:58:47,441 - INFO - Found article from today: Crypto Fear &amp; Greed Index stays in greed territory amid Israel-Iran conflict
2025-06-15 17:58:48,648 - INFO - Fetched 59 articles from https://decrypt.co/feed
2025-06-15 17:58:48,648 - INFO - Found 8 news items from today
2025-06-15 17:58:52,476 - INFO - Successfully posted tweet: 🚨 Beware of crypto scams! 🚨
Spotting a fraudulent crypto platform isn't as hard as you think. Stay alert and protect your investments! 🛡️💰
Here are 10 red flags to watch out for. 🚩
Stay safe and #InvestSmart! 📈🔒
#CryptoScam #CryptoSafety #Blockchain 📊🌐
2025-06-15 17:58:55,132 - INFO - Telegram notification sent: Successfully posted on X
Next post scheduled at:
IST: 2025-06-15 18:28:52 IST
UTC: 2025-06-15 12:58:52 UTC
2025-06-15 18:28:55,379 - INFO - Starting news posting process
2025-06-15 18:28:55,392 - INFO - Loaded 21 previously posted articles
2025-06-15 18:28:56,777 - INFO - Fetched 25 articles from https://www.coindesk.com/arc/outboundfeeds/rss
2025-06-15 18:28:56,778 - INFO - Found article from today: Shiba Inu Price Sell-Off Continues as SHIB Burn Rate Skyrockets to 112,000%
2025-06-15 18:28:56,778 - INFO - Found article from today: Owning One Bitcoin Is the New American Dream, Says Bitwise Portfolio Manager
2025-06-15 18:28:58,908 - INFO - Fetched 31 articles from https://cointelegraph.com/rss
2025-06-15 18:28:58,908 - INFO - Found article from today: Here’s what happened in crypto today
2025-06-15 18:28:58,908 - INFO - Found article from today: Bitcoin-backed loans open the real estate market to crypto-rich, tax-free
2025-06-15 18:28:58,908 - INFO - Found article from today: 10 red flags a crypto platform is a scam—and how to protect your money
2025-06-15 18:28:58,909 - INFO - Found article from today: How to stake Solana (SOL) in 2025: A step-by-step guide for beginners
2025-06-15 18:28:58,909 - INFO - Found article from today: Bitcoin price targets mushroom as traders bet on $140K+ this bull run
2025-06-15 18:28:58,909 - INFO - Found article from today: Vietnam legalizes crypto under new digital technology law
2025-06-15 18:28:58,910 - INFO - Found article from today: Brazil ends crypto tax exemption, imposes 17.5% flat rate on gains
2025-06-15 18:28:58,912 - INFO - Found article from today: Stablecoins will soon have their ‘iPhone moment,’ Circle CEO
2025-06-15 18:28:58,912 - INFO - Found article from today: Crypto Fear &amp; Greed Index stays in greed territory amid Israel-Iran conflict
2025-06-15 18:28:59,938 - INFO - Fetched 59 articles from https://decrypt.co/feed
2025-06-15 18:28:59,939 - INFO - Found 11 news items from today
2025-06-15 18:29:03,655 - INFO - Successfully posted tweet: 🚨 Shiba Inu Sell-Off Alert! 🚨
SHIB's price continues to dip as its burn rate skyrockets by a mind-blowing 112,000%! 🔥📉
What's next for the meme coin? 🤔
#SHIBArmy #CryptoNews #ShibaInu #Blockchain #CryptoMarket
🌐🐕‍🦺💸
2025-06-15 18:29:05,213 - INFO - Telegram notification sent: Successfully posted on X
Next post scheduled at:
IST: 2025-06-15 18:59:03 IST
UTC: 2025-06-15 13:29:03 UTC
2025-06-15 18:59:05,477 - INFO - Starting news posting process
2025-06-15 18:59:05,484 - INFO - Loaded 22 previously posted articles
2025-06-15 18:59:06,372 - INFO - Fetched 25 articles from https://www.coindesk.com/arc/outboundfeeds/rss
2025-06-15 18:59:06,372 - INFO - Found article from today: Shiba Inu Price Sell-Off Continues as SHIB Burn Rate Skyrockets to 112,000%
2025-06-15 18:59:06,373 - INFO - Found article from today: Owning One Bitcoin Is the New American Dream, Says Bitwise Portfolio Manager
2025-06-15 18:59:06,847 - INFO - Fetched 31 articles from https://cointelegraph.com/rss
2025-06-15 18:59:06,847 - INFO - Found article from today: Here’s what happened in crypto today
2025-06-15 18:59:06,848 - INFO - Found article from today: Bitcoin-backed loans open the real estate market to crypto-rich, tax-free
2025-06-15 18:59:06,848 - INFO - Found article from today: 10 red flags a crypto platform is a scam—and how to protect your money
2025-06-15 18:59:06,848 - INFO - Found article from today: How to stake Solana (SOL) in 2025: A step-by-step guide for beginners
2025-06-15 18:59:06,848 - INFO - Found article from today: Bitcoin price targets mushroom as traders bet on $140K+ this bull run
2025-06-15 18:59:06,848 - INFO - Found article from today: Vietnam legalizes crypto under new digital technology law
2025-06-15 18:59:06,848 - INFO - Found article from today: Brazil ends crypto tax exemption, imposes 17.5% flat rate on gains
2025-06-15 18:59:06,848 - INFO - Found article from today: Stablecoins will soon have their ‘iPhone moment,’ Circle CEO
2025-06-15 18:59:06,850 - INFO - Found article from today: Crypto Fear &amp; Greed Index stays in greed territory amid Israel-Iran conflict
2025-06-15 18:59:08,454 - INFO - Fetched 59 articles from https://decrypt.co/feed
2025-06-15 18:59:08,455 - INFO - Found article from today: Why Is BlackRock's IBIT Bitcoin ETF Soaring?
2025-06-15 18:59:08,456 - INFO - Found 12 news items from today
2025-06-15 18:59:11,381 - WARNING - Rate limit exceeded. Sleeping for 900 seconds.
2025-06-15 19:14:11,484 - WARNING - Retrying (Retry(total=2, connect=None, read=None, redirect=None)) after connection broken by 'NewConnectionError('<telegram.vendor.ptb_urllib3.urllib3.connection.VerifiedHTTPSConnection object at 0x000002D2D9681960>: Failed to establish a new connection: [Errno 11001] getaddrinfo failed')': /bot8192118398:AAHunuaoHsXxWtq8hzmfBV8bpMpTGg7zhas/sendMessage
2025-06-15 19:14:11,487 - WARNING - Retrying (Retry(total=1, connect=None, read=None, redirect=None)) after connection broken by 'NewConnectionError('<telegram.vendor.ptb_urllib3.urllib3.connection.VerifiedHTTPSConnection object at 0x000002D2D97AAC80>: Failed to establish a new connection: [Errno 11001] getaddrinfo failed')': /bot8192118398:AAHunuaoHsXxWtq8hzmfBV8bpMpTGg7zhas/sendMessage
2025-06-15 19:14:11,488 - WARNING - Retrying (Retry(total=0, connect=None, read=None, redirect=None)) after connection broken by 'NewConnectionError('<telegram.vendor.ptb_urllib3.urllib3.connection.VerifiedHTTPSConnection object at 0x000002D2D97AADD0>: Failed to establish a new connection: [Errno 11001] getaddrinfo failed')': /bot8192118398:AAHunuaoHsXxWtq8hzmfBV8bpMpTGg7zhas/sendMessage
2025-06-15 19:14:11,495 - ERROR - Failed to send Telegram notification: urllib3 HTTPError HTTPSConnectionPool(host='api.telegram.org', port=443): Max retries exceeded with url: /bot8192118398:AAHunuaoHsXxWtq8hzmfBV8bpMpTGg7zhas/sendMessage (Caused by NewConnectionError('<telegram.vendor.ptb_urllib3.urllib3.connection.VerifiedHTTPSConnection object at 0x000002D2D97AAF20>: Failed to establish a new connection: [Errno 11001] getaddrinfo failed'))
2025-06-15 19:14:11,470 - WARNING - Error posting to X on attempt 1: HTTPSConnectionPool(host='api.twitter.com', port=443): Max retries exceeded with url: /2/tweets (Caused by NameResolutionError("<urllib3.connection.HTTPSConnection object at 0x000002D2D9732BF0>: Failed to resolve 'api.twitter.com' ([Errno 11001] getaddrinfo failed)"))
2025-06-15 19:15:11,515 - WARNING - Retrying (Retry(total=2, connect=None, read=None, redirect=None)) after connection broken by 'NewConnectionError('<telegram.vendor.ptb_urllib3.urllib3.connection.VerifiedHTTPSConnection object at 0x000002D2D97AB4C0>: Failed to establish a new connection: [Errno 11001] getaddrinfo failed')': /bot8192118398:AAHunuaoHsXxWtq8hzmfBV8bpMpTGg7zhas/sendMessage
2025-06-15 19:15:11,516 - WARNING - Retrying (Retry(total=1, connect=None, read=None, redirect=None)) after connection broken by 'NewConnectionError('<telegram.vendor.ptb_urllib3.urllib3.connection.VerifiedHTTPSConnection object at 0x000002D2D97AB5E0>: Failed to establish a new connection: [Errno 11001] getaddrinfo failed')': /bot8192118398:AAHunuaoHsXxWtq8hzmfBV8bpMpTGg7zhas/sendMessage
2025-06-15 19:15:11,517 - WARNING - Retrying (Retry(total=0, connect=None, read=None, redirect=None)) after connection broken by 'NewConnectionError('<telegram.vendor.ptb_urllib3.urllib3.connection.VerifiedHTTPSConnection object at 0x000002D2D97AB730>: Failed to establish a new connection: [Errno 11001] getaddrinfo failed')': /bot8192118398:AAHunuaoHsXxWtq8hzmfBV8bpMpTGg7zhas/sendMessage
2025-06-15 19:15:11,518 - ERROR - Failed to send Telegram notification: urllib3 HTTPError HTTPSConnectionPool(host='api.telegram.org', port=443): Max retries exceeded with url: /bot8192118398:AAHunuaoHsXxWtq8hzmfBV8bpMpTGg7zhas/sendMessage (Caused by NewConnectionError('<telegram.vendor.ptb_urllib3.urllib3.connection.VerifiedHTTPSConnection object at 0x000002D2D97AB880>: Failed to establish a new connection: [Errno 11001] getaddrinfo failed'))
2025-06-15 19:15:11,514 - WARNING - Error posting to X on attempt 2: HTTPSConnectionPool(host='api.twitter.com', port=443): Max retries exceeded with url: /2/tweets (Caused by NameResolutionError("<urllib3.connection.HTTPSConnection object at 0x000002D2D97AB1F0>: Failed to resolve 'api.twitter.com' ([Errno 11001] getaddrinfo failed)"))
2025-06-16 00:07:55,189 - INFO - All required environment variables found
2025-06-16 00:07:55,190 - INFO - X API client initialized successfully
2025-06-16 00:07:55,191 - INFO - Starting X autoposting bot...
2025-06-16 00:07:55,934 - INFO - Telegram notification sent: HodlWhaleX started...
2025-06-16 00:07:55,935 - INFO - Starting news posting process
2025-06-16 00:07:55,970 - INFO - Loaded 22 previously posted articles
2025-06-16 00:07:56,485 - INFO - Fetched 25 articles from https://www.coindesk.com/arc/outboundfeeds/rss
2025-06-16 00:07:56,485 - INFO - Found article from today: Chart of the Week: Bitcoin's Summer Lull Still Offers 'Inexpensive' Trading Opportunity
2025-06-16 00:07:56,486 - INFO - Found article from today: Shiba Inu Price Sell-Off Continues as SHIB Burn Rate Skyrockets to 112,000%
2025-06-16 00:07:56,487 - INFO - Found article from today: Owning One Bitcoin Is the New American Dream, Says Bitwise Portfolio Manager
2025-06-16 00:07:56,714 - INFO - Fetched 31 articles from https://cointelegraph.com/rss
2025-06-16 00:07:56,715 - INFO - Found article from today: Saylor signals impending Bitcoin purchase amid Israel-Iran conflict
2025-06-16 00:07:56,715 - INFO - Found article from today: TradFi&#039;s deep liquidity issue is crypto&#039;s silent structural risk
2025-06-16 00:07:56,717 - INFO - Found article from today: Here’s what happened in crypto today
2025-06-16 00:07:56,718 - INFO - Found article from today: Bitcoin-backed loans open the real estate market to crypto-rich, tax-free
2025-06-16 00:07:56,718 - INFO - Found article from today: 10 red flags a crypto platform is a scam—and how to protect your money
2025-06-16 00:07:56,719 - INFO - Found article from today: How to stake Solana (SOL) in 2025: A step-by-step guide for beginners
2025-06-16 00:07:56,719 - INFO - Found article from today: Bitcoin price targets mushroom as traders bet on $140K+ this bull run
2025-06-16 00:07:56,720 - INFO - Found article from today: Vietnam legalizes crypto under new digital technology law
2025-06-16 00:07:56,721 - INFO - Found article from today: Brazil ends crypto tax exemption, imposes 17.5% flat rate on gains
2025-06-16 00:07:56,722 - INFO - Found article from today: Stablecoins will soon have their ‘iPhone moment,’ Circle CEO
2025-06-16 00:07:56,722 - INFO - Found article from today: Crypto Fear &amp; Greed Index stays in greed territory amid Israel-Iran conflict
2025-06-16 00:07:57,554 - INFO - Fetched 59 articles from https://decrypt.co/feed
2025-06-16 00:07:57,554 - INFO - Found article from today: AI Deepfakes Drove 40% of High-Value Crypto Fraud Last Year: Report
2025-06-16 00:07:57,555 - INFO - Found article from today: Trump Strategist Outlines How Bitcoin Helped Republicans Win the 2024 Election
2025-06-16 00:07:57,555 - INFO - Found article from today: What Are Internet Capital Markets? Why Companies Are Launching Meme Coins
2025-06-16 00:07:57,557 - INFO - Found article from today: 7 Games That Prove Indie Studios Are Outshining AAA Publishers in 2025
2025-06-16 00:07:57,557 - INFO - Found article from today: Why Is BlackRock's IBIT Bitcoin ETF Soaring?
2025-06-16 00:07:57,558 - INFO - Found 19 news items from today
2025-06-16 00:07:59,581 - WARNING - Rate limit exceeded. Sleeping for 900 seconds.
